999   909         64.         -1.         -1.
999   919         30.         -1.         -1.
999   995         30.         -1.         -1.
999  1025         30.         -1.         -1.
999  1173        285.         -1.         -1.
999  1175        259.         -1.         -1.
999  1259        100.         -1.         -1.
999  1277        200.         -1.         -1.
999  1508         69.         -1.         -1.
999  1509        800.         -1.         -1.
999  1511        100.         -1.         -1.
999  1521        293.         -1.         -1.
999  1524        100.         -1.         -1.
999  1534        270.         -1.         -1.
999  1537        270.         -1.         -1.
999  1546        132.         -1.         -1.
999  1547         70.         -1.         -1.
999  1548        768.         -1.         -1.
999  1549        800.         -1.         -1.
999  1550        150.         -1.         -1.
999  1558        197.         -1.         -1.
999  1559        131.         -1.         -1.
999  1566         70.         -1.         -1.
999  1567        100.         -1.         -1.
999  1575         70.         -1.         -1.
999  1581        398.         -1.         -1.
999  1584        100.         -1.         -1.
