  default extraction rates
------------------------------------------------------
  16  7200.
  17  2000.
  18 10000.
  19   200.
  20 12000.
  21  9500.
  22 10000.
  23  8500.
  24  1100.
  26  4500.
  28  8000.
  29  8500.
  31  6670.
  32 10000.
  33   900.
  34  9000.
  35  1000.
  36  1400.
  37  7500.
  38 10000.
  39 18000.
  41 10000.
  45  7000.
  46  5500.
  47  2000.
  48  4300.
  49  7000.
  50  8000.
  51 85000.
  57   600.
  58  8500.
  59  1000.
  60  4400.
  61  5500.
  63  1000.
  64  8500.
  66 50000.
  72  8000.
  73  2000.
  76  5500.
  77  1500.
  79  2000.
  80  9000.
  81  2000.
  82 45000.
  84  9000.
  85  2000.
  86 53000.
  90  6000.
  91  2000.
  95  8500.
  96  3000.
  98  7500.
  99  2500.
 104  8500.
 105  1800.
 109 10000.
 110 10000.
 111  8500.
 112  1800.
 113  6000.
 117  2000.
 118  6000.
 119  1500.
 120  3500.
 121  1500.
 126  2800.
 127  2500.
 128  3200.
 129  2500.
 150  1500.
 151  2000.
 158  1100.
 159  1350.
 162 10000.
 163  1000.
 164  9200.
 165   400.
 167 10000.
 168 22000.
 169   700.
 170  2500.
 171 10000.
 172 10000.
 173   600.
 175 10000.
 212  8000.
 213  1500.
 229  5500.
 230  2200.
 231  5300.
 232  5000.
 233  4700.
 235  4000.
 237  1800.
 238  8000.
 239 30000.
 240 45000.
 241 37000.
 243  7000.
 244  4200.
 245  5400.
 246 10000.
 247 10000.
 250  2000.
 251  2500.
 252  6100.
 253  3500.
 256  1000.
 257  1950.
 258  4700.
 259  5100.
 261  2000.
 262 10000.
 264  3350.
 266  4200.
 268  4000.
 269  5000.
 271  3600.
 272  6000.
 273  2500.
 274   600.
 276  1600.
 281  3200.
 282  6200.
 290  4400.
 291  5000.
 293  3300.
 294  6000.
 295  8000.
 297  4100.
 298  5000.
 306  1500.
 307  1500.
 311  6000.
 312  5000.
 313  1700.
 314  8000.
 329  6667.
 331  1700.
 332  5000.
 334  3400.
 335  6300.
 337  2600.
 338  6600.
 340  3000.
 341  6500.
 343  7000.
 389  7500.
 390  9000.
 391  3000.
 392  8500.
 447 10000.
 448 10000.
 450  2500.
 451 11500.
 460  8800.
 464  2000.
 465  9000.
 466  8500.
 469  1500.
 471  8800.
 472  8800.
 473  8800.
 474  8800.
 491  2500.
 492  1000.
 496  2000.
 498  2500.
 499   800.
 509  2500.
 510  1500.
 513  4500.
 514  1000.
 517  6000.
 518  3500.
 519  1000.
 527  2000.
 537  3800.
 538  3000.
 539  1500.
 561  2500.
 562  8000.
 563  8000.
 564  7000.
 565 10000.
 566  2000.
 570  3300.
 575  6000.
 576  5000.
 580  2500.
 583  4500.
 584  6000.
 604  2500.
 620  2500.
 622  5000.
 623  8000.
 624  2000.
 625  1500.
 626 10000.
 632 10000.
 633 40000.
 634  4400.
 657  8400.
 658  3300.
 659  3850.
 662  8000.
 663  2000.
 664  4700.
 665  5300.
 666 47000.
 672  1200.
 753  1200.
 755   500.
 767  3333.
 769   250.
 770   400.
 778  3500.
 828 11000.
 829 10000.
 831 10000.
 837 10000.
 846 20000.
 867  2000.
 868   200.
 869    92.
 870  8000.
 871  1300.
 872  4000.
 873  2000.
 874  7000.
 875  8500.
 876  8500.
 877 50000.
 878  7500.
 883  9500.
 885  1500.
 886   450.
 887   400.
 888  9500.
 889  3500.
 890  2500.
 891  8000.
 892  8000.
 893 10000.
 894  4500.
 895  3500.
 896  3000.
 897  1300.
 898  1000.
 899   910.
 900   740.
 901  1500.
 903  7000.
 904  1100.
 905   200.
 907 14000.
 908 90000.
 917   300.
 919   250.
 920  8000.
 921  5000.
 922  8000.
 928  8000.
 929  5000.
 930  8000.
 947  1300.
 948   200.
 949   200.
 952   550.
 953   535.
 954  9300.
 955  1800.
 958  8000.
 959  5300.
 977   150.
 978    24.
 979    10.
 983   650.
 984  2500.
 985  9300.
 995    30.
 996  7000.
 997  5000.
 998  7000.
 999  7500.
1017   110.
1018    22.
1019     5.
1021  2300.
1023  9500.
1025    20.
1026  8000.
1027  5000.
1028  6100.
1035   700.
1036    40.
1037    50.
1038  6500.
1039  8000.
1040  2000.
1041  8000.
1042  8500.
1043  8000.
1044    25.
1045  8000.
1046  5000.
1047  5000.
1059  1000.
1060  7500.
1061  7000.
1063  8300.
1064  2300.
1066  8000.
1069 16500.
1073 39000.
1074  5000.
1080 60000.
1081  4000.
1089  5000.
1097  1700.
1098   180.
1103  8000.
1104  5000.
1105  9000.
1108   800.
1109   144.
1111  1100.
1112   170.
1127  2000.
1128   265.
1129   100.
1133   260.
1134  8000.
1135  5000.
1136  8000.
1141  1470.
1146  4000.
1151  2600.
1158   355.
1159    35.
1160    15.
1164  4500.
1168  8000.
1172  8500.
1214  8000.
1215  5000.
1216  8000.
1221 10000.
1225  8000.
1242 12000.
1273 11000.
1274 10000.
1275 12000.
1502  9000.
1503  4000.
1504  4000.
1505  3500.
1506  6500.
1507 10000.
1508  1700.
1515  8000.
1516  3500.
1517  3200.
1518  3300.
1519  5000.
1520 10000.
1521  1800.
1528  9000.
1529  5500.
1530  5000.
1531  4000.
1532  5000.
1533 10000.
1534  2000.
1541  9000.
1542  5000.
1543  4500.
1544  4000.
1545  5700.
1546 10000.
1547  2000.
1554  6000.
1555  3300.
1556  2500.
1557  3000.
1558  2000.
1563  3000.
1564  1500.
1565  1500.
1566  2000.
1571 10000.
1572  2500.
1573  6000.
1574  5000.
1575  2000.
1588  2500.
1589  2000.
1590  5000.
1595  1500.
1596  1333.
