     FILE WGHTS.TMP

     whey 903 now not set to zero , to include it in milk +prod
     then added again, with 901, to give fat content as weights
     and then back to zero again
-------------------------
    17     0              217
    19     0              450
    24     0
    33     0
    35     0              397
    37     0              314
    47     0              250
    57     0              450
    59     0              250
    63     0               18
    73     0              194
    77     0              200
    81     0              240
    85     0              263
    91     0              297
    96     0              250
    99     0              250
   105     0              204
   112     0              204
   120     0
   165     0              232
   169     0               18
   170     0                7
   213     0              240
   238     0
   245     0
   253     0
   259     0
   269     0
   272     0
   282     0
   291     0
   294     0
   298     0
   306     0                    
   314     0
   332     0
   335     0
   338     0
   341     0
   566     0
   584     0
   663     0              347
   664     0              711
   756     0
   770     0
   778     0
   871     0
   885     0              204
   886     0              716
   887     0              879
   903     0
   919     0
   952     0              716
   953     0              879
   957     0
   983     0              716
  1022     0
  1040     0
  1059     0                  
