   2901   2905     0.00
   2901   2907     0.00
   2901   2908     0.00
   2901   2909     0.00
   2901   2911     0.00
   2901   2912     0.00
   2901   2913     0.00
   2901   2914     0.00
   2901   2918     0.00
   2901   2919     0.00
   2901   2922     0.00
   2901   2923     0.00
   2901   2924     0.00
   2901   2928     0.00
   2901   2943     0.00
   2901   2945     0.00
   2901   2946     0.00
   2901   2948     0.00
   2901   2949     0.00
   2901   2960     0.00
   2901   2961     0.00
   2903   2905     0.00
   2903   2907     0.00
   2903   2908     0.00
   2903   2909     0.00
   2903   2911     0.00
   2903   2912     0.00
   2903   2913     0.00
   2903   2914     0.00
   2903   2918     0.00
   2903   2919     0.00
   2903   2922     0.00
   2903   2923     0.00
   2903   2924     0.00
   2903   2928     0.00
   2941   2943     0.00
   2941   2945     0.00
   2941   2946     0.00
   2941   2948     0.00
   2941   2949     0.00
   2941   2960     0.00
   2941   2961     0.00
