   2900   2501
   2906   2802
   2906   2803
   2906   2806
   2906   2808
   2906   2515
   2906   2516
   2906   2809
   2906   2810
   2906   2520
   2910   2543
   2910   2745
   2910   2829
   2915   2823
   2920   2611
   2920   2612
   2920   2613
   2920   2614
   2920   2615
   2920   2616
   2920   2828
   2920   2618
   2920   2619
   2920   2825
   2920   2625
   2925   2658
   2925   2659
   2928   2680
   2928   2899
   2944   2841
   2944   2842
   2944   2843
   2944   2844
   2944   2845
   2945   2736
   2946   2740
   2946   2743
   2946   2737
   2946   2781
   2946   2782
   2948   2848
   2949   2744
   2960   2761
   2960   2762
   2960   2763
   2960   2764
   2960   2765
   2960   2767
   2960   2766
   2961   2768
   2961   2769
   2961   2775
