   2501      1     1.00
      1     15     1.00
      1     17     0.00
      1     19     0.00
      1     24     0.00
      1    114     0.00
      1    115     0.00
      2     27     1.00
      2     33     0.00
      2     35     0.00
      3     56     1.00
      3     57     0.00
      3     59     0.00
      3     63     0.00
      3     68     1.00
      4     44     1.00
      4     47     0.00
      4     48     0.00
      5     79     1.00
      5     81     0.00
      6     83     1.00
      6     85     0.00
      7     71     1.00
      7     73     0.00
      7     75     1.00
      7     77     0.00
      7     89     1.00
      7     91     0.00
      7     92     1.00
      7     94     1.00
      7     96     0.00
      7     97     1.00
      7     99     0.00
      7    101     1.00
      7    103     1.00
      7    105     0.00
      7    108     1.00
      7    112     0.00
      8    116     1.00
      9    122     1.00
      9    137     1.00
     10    125     1.00
     11    135     1.00
     11    136     1.00
     11    149     1.00
     12    489     1.00
     13    162     1.00
     13    163     1.00
     13    165     0.00
     13    167     1.00
     14    176     1.00
     14    181     1.00
     14    187     1.00
     14    191     1.00
     14    195     1.00
     14    197     1.00
     14    201     1.00
     14    203     1.00
     14    205     1.00
     14    210     1.00
     14    211     1.00
     14    213     0.00
     15    358     1.00
     15    366     1.00
     15    367     1.00
     15    372     1.00
     15    373     1.00
     15    378     1.00
     15    388     1.00
     15    393     1.00
     15    394     1.00
     15    397     1.00
     15    399     1.00
     15    401     1.00
     15    402     1.00
     15    403     1.00
     15    406     1.00
     15    407     1.00
     15    414     1.00
     15    417     1.00
     15    420     1.00
     15    423     1.00
     15    426     1.00
     15    430     1.00
     15    446     1.00
     15    449     1.00
     15    459     1.00
     15    461     1.00
     15    463     1.00
     16    486     1.00
     17    490     1.00
     17    495     1.00
     17    497     1.00
     17    507     1.00
     17    512     1.00
     18    515     1.00
     18    521     1.00
     18    523     1.00
     18    526     1.00
     18    530     1.00
     18    531     1.00
     18    534     1.00
     18    536     1.00
     18    541     1.00
     18    542     1.00
     18    544     1.00
     18    547     1.00
     18    549     1.00
     18    550     1.00
     18    552     1.00
     18    554     1.00
     18    558     1.00
     18    560     1.00
     18    567     1.00
     18    568     1.00
     18    569     1.00
     18    571     1.00
     18    572     1.00
     18    574     1.00
     18    577     1.00
     18    587     1.00
     18    591     1.00
     18    592     1.00
     18    600     1.00
     18    603     1.00
     18    619     1.00
     19    237     1.00
     19    244     1.00
     19    252     1.00
     19    257     1.00
     19    258     1.00
     19    261     1.00
     19    264     1.00
     19    266     1.00
     19    268     1.00
     19    271     1.00
     19    274     0.00
     19    276     1.00
     19    281     1.00
     19    290     1.00
     19    293     1.00
     19    297     1.00
     19    306     1.00
     19    307     1.00
     19    313     1.00
     19    331     1.00
     19    334     1.00
     19    337     1.00
     19    340     1.00
     20    661     1.00
     21    656     1.00
     22    667     1.00
     22    671     1.00
     22    674     1.00
     23    826     1.00
     24    767     1.00
     25    778     1.00
     25    780     1.00
     25    782     1.00
     25    789     1.00
     25    800     1.00
     25    809     1.00
     25    821     1.00
     26    836     1.00
     27    867     1.00
     27    947     1.00
     28    977     1.00
     28   1017     1.00
     29   1035     1.00
     30   1058     1.00
     30   1069     1.00
     30   1073     1.00
     30   1080     1.00
     31    882     1.00
     31    951     1.00
     31    982     1.00
     31   1020     1.00
     31   1130     1.00
     31    885     0.00
     31    886     0.00
     31    903     0.00
     31    909     0.00
     31    910     0.00
     31    952     0.00
     31    953     0.00
     31    887     0.00
     31    983     0.00
     31   1022     0.00
     32    916     0.00
     32   1062     1.00
     32   1091     1.00
