   2902   2906     0.00
   2902   2907     0.00
   2902   2910     0.00
   2902   2911     0.00
   2902   2912     0.00
   2902   2915     0.00
   2902   2918     0.00
   2902   2920     0.00
   2902   2922     0.00
   2902   2923     0.00
   2902   2925     0.00
   2902   2928     0.00
   2902   2944     0.00
   2902   2945     0.00
   2902   2946     0.00
   2902   2948     0.00
   2902   2949     0.00
   2902   2960     0.00
   2902   2961     0.00
   2904   2906     0.00
   2904   2907     0.00
   2904   2910     0.00
   2904   2911     0.00
   2904   2912     0.00
   2904   2915     0.00
   2904   2918     0.00
   2904   2920     0.00
   2904   2922     0.00
   2904   2923     0.00
   2904   2925     0.00
   2904   2928     0.00
   2942   2944     0.00
   2942   2945     0.00
   2942   2946     0.00
   2942   2948     0.00
   2942   2949     0.00
   2942   2960     0.00
   2942   2961     0.00
