   2501      1     1.00
   2738    882     1.00
   2738    909     0.00
   2738    910     0.00
   2738    951     1.00
   2738    982     1.00
   2738   1020     1.00
   2738   1130     1.00
   2739    888     1.00
   2739    954     1.00
   2739    985     1.00
   2739   1023     1.00
   2741    901     1.00
   2741    904     1.00
   2741    905     1.00
   2741    955     1.00
   2741    984     1.00
   2741   1021     1.00
   2742    903     1.00
   2802     15     1.00
   2802     17     0.00
   2802     19     0.00
   2802     24     0.00
   2802    114     0.00
   2802    115     0.00
   2803     27     1.00
   2803     33     0.00
   2803     35     0.00
   2806     56     1.00
   2806     57     0.00
   2806     59     0.00
   2806     63     0.00
   2808     44     1.00
   2808     47     0.00
   2809     79     1.00
   2809     81     0.00
   2810     83     1.00
   2810     85     0.00
   2815    116     0.20
   2815    125     0.30
   2815    122     0.26
   2815    135     0.23
   2815    136     0.23
   2815    149     0.25
   2815    137     0.23
   2823    237     1.00
   2823    244     1.00
   2823    268     1.00
   2823    271     1.00
   2823    293     1.00
   2823    331     1.00
   2823    258     1.00
   2823    257     1.00
   2823    252     1.00
   2823    290     1.00
   2823    261     1.00
   2823    274     1.00
   2823     36     1.00
   2823     60     1.00
   2823    264     1.00
   2823    266     1.00
   2823    276     1.00
   2823    278     1.00
   2823    281     1.00
   2823    297     1.00
   2823    306     1.00
   2823    307     1.00
   2823    313     1.00
   2823    334     1.00
   2823    337     1.00
   2823    340     1.00
   2823    664     1.00
   2825    560     1.00
   2828    515     1.00
   2829    162     1.00
   2829    163     1.00
   2841    867     1.00
   2841    947     1.00
   2842    977     1.00
   2842   1017     1.00
   2843   1035     1.00
   2844   1058     1.00
   2844   1069     1.00
   2844   1073     1.00
   2844   1080     1.00
   2844   1089     1.00
   2845   1097     1.00
   2845   1108     1.00
   2845   1111     1.00
   2845   1127     1.00
   2845   1141     1.00
   2845   1151     1.00
   2845   1158     1.00
   2845   1163     1.00
   2845   1166     1.00
   2845   1176     1.00
