   2501      1     1.00
     55    162     1.00
     56    163     1.00
     57    165     0.00
     58    167     1.00
    103    261     1.00
    103    264     1.00
    103    266     1.00
    103    274     0.00
    103    276     1.00
    103    281     1.00
    103    293     1.00
    103    297     1.00
    103    306     1.00
    103    307     1.00
    103    313     1.00
    103    334     1.00
    103    337     1.00
    103    340     1.00
    107    271     1.00
    111    257     1.00
    111    258     1.00
    115    237     1.00
    119    244     1.00
    123    268     1.00
    127    290     1.00
    131    252     1.00
    135    331     1.00
    137    767     1.00
    151     17     1.00
    152     35     1.00
    153     59     1.00
    154     47     1.00
    155     81     1.00
    156     85     1.00
    157     73     1.00
    157     91     1.00
    157    105     1.00
    157    112     1.00
    157     77     1.00
    157     96     1.00
    157     99     1.00
