   2501      1     1.00
     51    156     1.00
     52    157     1.00
    101    260     1.00
    101    263     1.00
    101    265     1.00
    101    275     1.00
    101    292     1.00
    101    296     1.00
    101    333     1.00
    101    336     1.00
    101    339     1.00
    101    305     1.00
    101    312     1.00
    101    280     1.00
    102    261     1.00
    102    264     1.00
    102    266     1.00
    102    274     0.00
    102    276     1.00
    102    281     1.00
    102    293     1.00
    102    297     1.00
    102    306     1.00
    102    307     1.00
    102    313     1.00
    102    334     1.00
    102    337     1.00
    102    340     1.00
    105    270     1.00
    106    271     1.00
    113    236     1.00
    114    237     1.00
    117    242     1.00
    118    244     1.00
    121    267     1.00
    122    268     1.00
    125    289     1.00
    126    290     1.00
    129    249     1.00
    130    252     1.00
    133    329     1.00
    134    331     1.00
