|  1701|    15|
|  1701|    16|
|  1701|    17|
|  1701|    18|
|  1701|    19|
|  1701|    20|
|  1701|    21|
|  1701|    22|
|  1701|    23|
|  1701|    24|
|  1701|    26|
|  1701|    27|
|  1701|    28|
|  1701|    29|
|  1701|    31|
|  1701|    32|
|  1701|    33|
|  1701|    34|
|  1701|    35|
|  1701|    36|
|  1701|    37|
|  1701|    38|
|  1701|    39|
|  1701|    41|
|  1701|    44|
|  1701|    45|
|  1701|    46|
|  1701|    47|
|  1701|    48|
|  1701|    49|
|  1701|    50|
|  1701|    51|
|  1701|    56|
|  1701|    57|
|  1701|    58|
|  1701|    59|
|  1701|    60|
|  1701|    61|
|  1701|    63|
|  1701|    64|
|  1701|    66|
|  1701|    68|
|  1701|    71|
|  1701|    72|
|  1701|    73|
|  1701|    75|
|  1701|    76|
|  1701|    77|
|  1701|    79|
|  1701|    80|
|  1701|    81|
|  1701|    82|
|  1701|    83|
|  1701|    84|
|  1701|    85|
|  1701|    86|
|  1701|    89|
|  1701|    90|
|  1701|    91|
|  1701|    92|
|  1701|    94|
|  1701|    95|
|  1701|    96|
|  1701|    97|
|  1701|    98|
|  1701|    99|
|  1701|   101|
|  1701|   103|
|  1701|   104|
|  1701|   105|
|  1701|   108|
|  1701|   109|
|  1701|   110|
|  1701|   111|
|  1701|   112|
|  1701|   113|
|  1701|   114|
|  1701|   115|
|  1701|   116|
|  1701|   117|
|  1701|   118|
|  1701|   119|
|  1701|   120|
|  1701|   121|
|  1701|   122|
|  1701|   125|
|  1701|   126|
|  1701|   127|
|  1701|   128|
|  1701|   129|
|  1701|   135|
|  1701|   136|
|  1701|   137|
|  1701|   149|
|  1701|   150|
|  1701|   151|
|  1701|   154|
|  1701|   155|
|  1701|   156|
|  1701|   157|
|  1701|   158|
|  1701|   159|
|  1701|   160|
|  1701|   161|
|  1701|   162|
|  1701|   163|
|  1701|   164|
|  1701|   165|
|  1701|   166|
|  1701|   167|
|  1701|   168|
|  1701|   169|
|  1701|   170|
|  1701|   171|
|  1701|   172|
|  1701|   173|
|  1701|   174|
|  1701|   175|
|  1701|   176|
|  1701|   181|
|  1701|   187|
|  1701|   191|
|  1701|   195|
|  1701|   197|
|  1701|   201|
|  1701|   203|
|  1701|   205|
|  1701|   210|
|  1701|   211|
|  1701|   212|
|  1701|   213|
|  1701|   216|
|  1701|   217|
|  1701|   220|
|  1701|   221|
|  1701|   222|
|  1701|   223|
|  1701|   224|
|  1701|   225|
|  1701|   226|
|  1701|   229|
|  1701|   230|
|  1701|   231|
|  1701|   232|
|  1701|   233|
|  1701|   234|
|  1701|   235|
|  1701|   236|
|  1701|   237|
|  1701|   238|
|  1701|   239|
|  1701|   240|
|  1701|   241|
|  1701|   242|
|  1701|   243|
|  1701|   244|
|  1701|   245|
|  1701|   246|
|  1701|   247|
|  1701|   249|
|  1701|   250|
|  1701|   251|
|  1701|   252|
|  1701|   253|
|  1701|   254|
|  1701|   256|
|  1701|   257|
|  1701|   258|
|  1701|   259|
|  1701|   260|
|  1701|   261|
|  1701|   262|
|  1701|   263|
|  1701|   264|
|  1701|   265|
|  1701|   266|
|  1701|   267|
|  1701|   268|
|  1701|   269|
|  1701|   270|
|  1701|   271|
|  1701|   272|
|  1701|   273|
|  1701|   274|
|  1701|   275|
|  1701|   276|
|  1701|   277|
|  1701|   278|
|  1701|   280|
|  1701|   281|
|  1701|   282|
|  1701|   289|
|  1701|   290|
|  1701|   291|
|  1701|   292|
|  1701|   293|
|  1701|   294|
|  1701|   295|
|  1701|   296|
|  1701|   297|
|  1701|   298|
|  1701|   299|
|  1701|   305|
|  1701|   306|
|  1701|   307|
|  1701|   310|
|  1701|   311|
|  1701|   312|
|  1701|   313|
|  1701|   314|
|  1701|   328|
|  1701|   329|
|  1701|   331|
|  1701|   332|
|  1701|   333|
|  1701|   334|
|  1701|   335|
|  1701|   336|
|  1701|   337|
|  1701|   338|
|  1701|   339|
|  1701|   340|
|  1701|   341|
|  1701|   343|
|  1701|   358|
|  1701|   366|
|  1701|   367|
|  1701|   372|
|  1701|   373|
|  1701|   378|
|  1701|   388|
|  1701|   389|
|  1701|   390|
|  1701|   391|
|  1701|   392|
|  1701|   393|
|  1701|   394|
|  1701|   397|
|  1701|   399|
|  1701|   401|
|  1701|   402|
|  1701|   403|
|  1701|   406|
|  1701|   407|
|  1701|   414|
|  1701|   417|
|  1701|   420|
|  1701|   423|
|  1701|   426|
|  1701|   430|
|  1701|   446|
|  1701|   447|
|  1701|   448|
|  1701|   449|
|  1701|   450|
|  1701|   451|
|  1701|   459|
|  1701|   460|
|  1701|   461|
|  1701|   463|
|  1701|   464|
|  1701|   465|
|  1701|   466|
|  1701|   469|
|  1701|   471|
|  1701|   472|
|  1701|   473|
|  1701|   474|
|  1701|   475|
|  1701|   476|
|  1701|   486|
|  1701|   489|
|  1701|   490|
|  1701|   491|
|  1701|   492|
|  1701|   495|
|  1701|   496|
|  1701|   497|
|  1701|   498|
|  1701|   499|
|  1701|   507|
|  1701|   509|
|  1701|   510|
|  1701|   512|
|  1701|   513|
|  1701|   514|
|  1701|   515|
|  1701|   517|
|  1701|   518|
|  1701|   519|
|  1701|   521|
|  1701|   523|
|  1701|   526|
|  1701|   527|
|  1701|   530|
|  1701|   531|
|  1701|   534|
|  1701|   536|
|  1701|   537|
|  1701|   538|
|  1701|   539|
|  1701|   541|
|  1701|   542|
|  1701|   544|
|  1701|   547|
|  1701|   549|
|  1701|   550|
|  1701|   552|
|  1701|   554|
|  1701|   558|
|  1701|   560|
|  1701|   561|
|  1701|   562|
|  1701|   563|
|  1701|   564|
|  1701|   565|
|  1701|   566|
|  1701|   567|
|  1701|   568|
|  1701|   569|
|  1701|   570|
|  1701|   571|
|  1701|   572|
|  1701|   574|
|  1701|   575|
|  1701|   576|
|  1701|   577|
|  1701|   580|
|  1701|   583|
|  1701|   584|
|  1701|   587|
|  1701|   591|
|  1701|   592|
|  1701|   600|
|  1701|   603|
|  1701|   604|
|  1701|   619|
|  1701|   620|
|  1701|   622|
|  1701|   623|
|  1701|   624|
|  1701|   625|
|  1701|   626|
|  1701|   628|
|  1701|   629|
|  1701|   630|
|  1701|   631|
|  1701|   632|
|  1701|   633|
|  1701|   634|
|  1701|   635|
|  1701|   636|
|  1701|   637|
|  1701|   638|
|  1701|   639|
|  1701|   640|
|  1701|   641|
|  1701|   642|
|  1701|   643|
|  1701|   644|
|  1701|   645|
|  1701|   646|
|  1701|   647|
|  1701|   648|
|  1701|   649|
|  1701|   650|
|  1701|   651|
|  1701|   652|
|  1701|   653|
|  1701|   654|
|  1701|   655|
|  1701|   656|
|  1701|   657|
|  1701|   658|
|  1701|   659|
|  1701|   660|
|  1701|   661|
|  1701|   662|
|  1701|   663|
|  1701|   664|
|  1701|   665|
|  1701|   666|
|  1701|   667|
|  1701|   671|
|  1701|   672|
|  1701|   674|
|  1701|   677|
|  1701|   687|
|  1701|   689|
|  1701|   692|
|  1701|   693|
|  1701|   698|
|  1701|   702|
|  1701|   711|
|  1701|   720|
|  1701|   723|
|  1701|   737|
|  1701|   748|
|  1701|   753|
|  1701|   754|
|  1701|   755|
|  1701|   756|
|  1701|   767|
|  1701|   768|
|  1701|   769|
|  1701|   770|
|  1701|   771|
|  1701|   773|
|  1701|   774|
|  1701|   777|
|  1701|   778|
|  1701|   780|
|  1701|   782|
|  1701|   788|
|  1701|   789|
|  1701|   800|
|  1701|   809|
|  1701|   813|
|  1701|   821|
|  1701|   826|
|  1701|   828|
|  1701|   829|
|  1701|   831|
|  1701|   836|
|  1701|   837|
|  1701|   839|
|  1701|   840|
|  1701|   841|
|  1701|   842|
|  1701|   843|
|  1701|   845|
|  1701|   846|
|  1701|   849|
|  1701|   850|
|  1701|   852|
|  1701|   854|
|  1701|   855|
|  1701|   857|
|  1701|   858|
|  1701|   859|
|  1701|   860|
|  1701|   861|
|  1701|   862|
|  1701|   866|
|  1701|   867|
|  1701|   868|
|  1701|   869|
|  1701|   870|
|  1701|   871|
|  1701|   872|
|  1701|   873|
|  1701|   874|
|  1701|   875|
|  1701|   876|
|  1701|   877|
|  1701|   878|
|  1701|   882|
|  1701|   883|
|  1701|   885|
|  1701|   886|
|  1701|   887|
|  1701|   888|
|  1701|   889|
|  1701|   890|
|  1701|   891|
|  1701|   892|
|  1701|   893|
|  1701|   894|
|  1701|   895|
|  1701|   896|
|  1701|   897|
|  1701|   898|
|  1701|   899|
|  1701|   900|
|  1701|   901|
|  1701|   903|
|  1701|   904|
|  1701|   905|
|  1701|   907|
|  1701|   908|
|  1701|   909|
|  1701|   910|
|  1701|   916|
|  1701|   917|
|  1701|   919|
|  1701|   920|
|  1701|   921|
|  1701|   922|
|  1701|   927|
|  1701|   928|
|  1701|   929|
|  1701|   930|
|  1701|   944|
|  1701|   945|
|  1701|   946|
|  1701|   947|
|  1701|   948|
|  1701|   949|
|  1701|   951|
|  1701|   952|
|  1701|   953|
|  1701|   954|
|  1701|   955|
|  1701|   957|
|  1701|   958|
|  1701|   959|
|  1701|   972|
|  1701|   973|
|  1701|   976|
|  1701|   977|
|  1701|   978|
|  1701|   979|
|  1701|   982|
|  1701|   983|
|  1701|   984|
|  1701|   985|
|  1701|   987|
|  1701|   988|
|  1701|   994|
|  1701|   995|
|  1701|   996|
|  1701|   997|
|  1701|   998|
|  1701|   999|
|  1701|  1002|
|  1701|  1007|
|  1701|  1008|
|  1701|  1009|
|  1701|  1010|
|  1701|  1012|
|  1701|  1013|
|  1701|  1016|
|  1701|  1017|
|  1701|  1018|
|  1701|  1019|
|  1701|  1020|
|  1701|  1021|
|  1701|  1022|
|  1701|  1023|
|  1701|  1025|
|  1701|  1026|
|  1701|  1027|
|  1701|  1028|
|  1701|  1030|
|  1701|  1031|
|  1701|  1032|
|  1701|  1033|
|  1701|  1034|
|  1701|  1035|
|  1701|  1036|
|  1701|  1037|
|  1701|  1038|
|  1701|  1039|
|  1701|  1040|
|  1701|  1041|
|  1701|  1042|
|  1701|  1043|
|  1701|  1044|
|  1701|  1045|
|  1701|  1046|
|  1701|  1047|
|  1701|  1055|
|  1701|  1056|
|  1701|  1057|
|  1701|  1058|
|  1701|  1059|
|  1701|  1060|
|  1701|  1061|
|  1701|  1062|
|  1701|  1063|
|  1701|  1064|
|  1701|  1065|
|  1701|  1066|
|  1701|  1068|
|  1701|  1069|
|  1701|  1070|
|  1701|  1071|
|  1701|  1072|
|  1701|  1073|
|  1701|  1074|
|  1701|  1075|
|  1701|  1077|
|  1701|  1078|
|  1701|  1079|
|  1701|  1080|
|  1701|  1081|
|  1701|  1083|
|  1701|  1084|
|  1701|  1085|
|  1701|  1087|
|  1701|  1088|
|  1701|  1089|
|  1701|  1091|
|  1701|  1094|
|  1701|  1095|
|  1701|  1096|
|  1701|  1097|
|  1701|  1098|
|  1701|  1100|
|  1701|  1102|
|  1701|  1103|
|  1701|  1104|
|  1701|  1105|
|  1701|  1107|
|  1701|  1108|
|  1701|  1109|
|  1701|  1110|
|  1701|  1111|
|  1701|  1112|
|  1701|  1120|
|  1701|  1121|
|  1701|  1122|
|  1701|  1123|
|  1701|  1124|
|  1701|  1125|
|  1701|  1126|
|  1701|  1127|
|  1701|  1128|
|  1701|  1129|
|  1701|  1130|
|  1701|  1133|
|  1701|  1134|
|  1701|  1135|
|  1701|  1136|
|  1701|  1137|
|  1701|  1138|
|  1701|  1140|
|  1701|  1141|
|  1701|  1144|
|  1701|  1145|
|  1701|  1146|
|  1701|  1150|
|  1701|  1151|
|  1701|  1154|
|  1701|  1155|
|  1701|  1157|
|  1701|  1158|
|  1701|  1159|
|  1701|  1160|
|  1701|  1161|
|  1701|  1162|
|  1701|  1163|
|  1701|  1164|
|  1701|  1166|
|  1701|  1167|
|  1701|  1168|
|  1701|  1171|
|  1701|  1172|
|  1701|  1173|
|  1701|  1175|
|  1701|  1176|
|  1701|  1181|
|  1701|  1182|
|  1701|  1183|
|  1701|  1185|
|  1701|  1186|
|  1701|  1187|
|  1701|  1195|
|  1701|  1213|
|  1701|  1214|
|  1701|  1215|
|  1701|  1216|
|  1701|  1217|
|  1701|  1218|
|  1701|  1219|
|  1701|  1221|
|  1701|  1222|
|  1701|  1225|
|  1701|  1232|
|  1701|  1241|
|  1701|  1242|
|  1701|  1243|
|  1701|  1259|
|  1701|  1267|
|  1701|  1273|
|  1701|  1274|
|  1701|  1275|
|  1701|  1276|
|  1701|  1277|
|  1701|  1291|
|  1701|  1292|
|  1701|  1293|
|  1701|  1294|
|  1701|  1295|
|  1701|  1296|
|  1701|  1501|
|  1701|  1502|
|  1701|  1503|
|  1701|  1504|
|  1701|  1505|
|  1701|  1506|
|  1701|  1507|
|  1701|  1508|
|  1701|  1509|
|  1701|  1510|
|  1701|  1511|
|  1701|  1514|
|  1701|  1515|
|  1701|  1516|
|  1701|  1517|
|  1701|  1518|
|  1701|  1519|
|  1701|  1520|
|  1701|  1521|
|  1701|  1522|
|  1701|  1523|
|  1701|  1524|
|  1701|  1527|
|  1701|  1528|
|  1701|  1529|
|  1701|  1530|
|  1701|  1531|
|  1701|  1532|
|  1701|  1533|
|  1701|  1534|
|  1701|  1535|
|  1701|  1536|
|  1701|  1537|
|  1701|  1540|
|  1701|  1541|
|  1701|  1542|
|  1701|  1543|
|  1701|  1544|
|  1701|  1545|
|  1701|  1546|
|  1701|  1547|
|  1701|  1548|
|  1701|  1549|
|  1701|  1550|
|  1701|  1553|
|  1701|  1554|
|  1701|  1555|
|  1701|  1556|
|  1701|  1557|
|  1701|  1558|
|  1701|  1559|
|  1701|  1562|
|  1701|  1563|
|  1701|  1564|
|  1701|  1565|
|  1701|  1566|
|  1701|  1567|
|  1701|  1570|
|  1701|  1571|
|  1701|  1572|
|  1701|  1573|
|  1701|  1574|
|  1701|  1575|
|  1701|  1576|
|  1701|  1579|
|  1701|  1580|
|  1701|  1581|
|  1701|  1582|
|  1701|  1583|
|  1701|  1584|
|  1701|  1587|
|  1701|  1588|
|  1701|  1589|
|  1701|  1590|
|  1701|  1591|
|  1701|  1594|
|  1701|  1595|
|  1701|  1596|
