        FILE shares.fil                    
        FORMAT : 2X,I9,2X,F10.4 
------------------------------
    1500161      1.0000
    1500162       .0000
    1500161      1.0000
    1500162       .0000
    1600180      1.0000
    3800180       .0000
    1500161      1.0000
    1600200      1.0000
    7100200       .0000
    1500210      1.0000
    1600220      1.0000
    1600230      1.0000
    1600230      1.0000
    1600260      1.0000
    2700281      1.0000
    2700282       .0000
    2800290      1.0000
    2700310      1.0000
    2900320      1.0000
    3100320       .0000
    3200340      1.0000
    3200340      1.0000
    2700282       .0000
    2700310      1.0000
    2800290      1.0000
    3500360      1.0000
    3500360      1.0000
    3200380      1.0000
    2900390       .0000
    3200390      1.0000
    1500410      1.0000
    1600410       .0000
    1700410       .0000
    2900410       .0000
    3100410       .0000
    3200410       .0000
    4500410       .0000
    4900410       .0000
    5600410       .0000
    6800410       .0000
    7100410       .0000
    7500410       .0000
    4400450      1.0000
    4500460      1.0000
    4400450      1.0000
    4500460      1.0000
    1500490       .0000
    4400490      1.0000
    4900500      1.0000
    3200510       .0000
    4900510      1.0000
    5000510       .0000
    5600510       .0000
    5800510       .0000
    8400510       .0000
    5600570      1.0000
    5600570      1.0000
    5600581       .0000
    5600582       .0000
    5600570      1.0000
    5600581       .0000
    5700600      1.0000
    5700600      1.0000
    5600630      1.0000
    5800630       .0000
    5600630      1.0000
    5800630       .0000
    5600660      1.0000
    6400660       .0000
    7100721       .0000
    7100722      1.0000
    7100722      1.0000
    7500760      1.0000
    7500760      1.0000
    7900800      1.0000
    7900800      1.0000
    7900820      1.0000
    8300841      1.0000
    8300842       .0000
    8300841      1.0000
    8300860      1.0000
    8900900      1.0000
    8900900      1.0000
    9400950      1.0000
    9400950      1.0000
    9700980      1.0000
    9700980      1.0000
   10301040      1.0000
   10301040      1.0000
    1601100      1.0000
    9201110       .0000
   10101110       .0000
   10801110      1.0000
    9201110       .0000
   10101110       .0000
   10801110      1.0000
    1501130       .0000
    1601130       .0000
    3201130       .0000
    5601130       .0000
    6801130       .0000
    7101130       .0000
    7501130       .0000
   10301130       .0000
   10801130      1.0000
   11601170      1.0000
   11601180      1.0000
   11601190      1.0000
   11701190       .0000
   12201190       .0000
   11601180      1.0000
   11601210      1.0000
   11701210       .0000
   12501260      1.0000
   12501270      1.0000
   12501280      1.0000
   12501290      1.0000
   12201500       .0000
   13501500       .0000
   13601500       .0000
   13701500       .0000
   14901500      1.0000
   12201510       .0000
   13501510       .0000
   13601510       .0000
   13701510       .0000
   14901510      1.0000
   15601580      1.0000
   15701590      1.0000
   15801620      1.0000
   15901620      1.0000
   15601631      1.0000
   15601632       .0000
   16201640      1.0000
   15601580      1.0000
   15701590      1.0000
    2301660       .0000
    6401660      1.0000
   11901660       .0000
   12901660       .0000
   15601670       .0000
   16101670       .0000
   16401670      1.0000
   16401680      1.0000
   17201680       .0000
   15701590      1.0000
   15601631      1.0000
   15601580      1.0000
   16401710      1.0000
   17201710       .0000
    2301720       .0000
    3401720       .0000
    4901720       .0000
    6401720      1.0000
   11901720       .0000
   12901720       .0000
   90301730      1.0000
   17201750      1.0000
   17602120       .0000
   18102120       .0000
   18702120       .0000
   19102120       .0000
   19502120       .0000
   19702120       .0000
   20102120       .0000
   20302120       .0000
   20502120       .0000
   21002120       .0000
   21102121      1.0000
   21102122       .0000
   17602120       .0000
   18102120       .0000
   18702120       .0000
   19102120       .0000
   19502120       .0000
   19702120       .0000
   20102120       .0000
   20302120       .0000
   20502120       .0000
   21002120       .0000
   21102121      1.0000
   21602290      1.0000
   21702300      1.0000
   22102310      1.0000
   22202320      1.0000
   22502330      1.0000
   22302350       .0000
   22902350       .0000
   23002350       .0000
   23102350       .0000
   23202350       .0000
   23302350       .0000
   23402350      1.0000
   24302350       .0000
   23602370      1.0000
   23602370      1.0000
   23602390      1.0000
   23602400      1.0000
   23602410      1.0000
   24202430      1.0000
   24302440      1.0000
   24302440      1.0000
   24302460      1.0000
   24302470      1.0000
   24902500      1.0000
   24902510      1.0000
   25102520      1.0000
   25102520      1.0000
   25402560      1.0000
   25402560      1.0000
   25602580      1.0000
   25602580      1.0000
   26002610      1.0000
   26002620      1.0000
   26302640      1.0000
   26502660      1.0000
   26702680      1.0000
   26702680      1.0000
   27002710      1.0000
   27002710      1.0000
   26002610      1.0000
   27302740      1.0000
   27502760      1.0000
   28002810      1.0000
   28002810      1.0000
   28902900      1.0000
   28902900      1.0000
   29202930      1.0000
   29202930      1.0000
   29202950      1.0000
   29602970      1.0000
   29602970      1.0000
   30503060      1.0000
   30503060      1.0000
   31003110      1.0000
   31103120      1.0000
   31203130      1.0000
   31203130      1.0000
   32803290      1.0000
   32903310      1.0000
   32903310      1.0000
   33303340      1.0000
   33303340      1.0000
   33603370      1.0000
   33603370      1.0000
   29903400       .0000
   33903400      1.0000
   29903400       .0000
   33903400      1.0000
   23603430       .0000
   27003430       .0000
   29203430       .0000
   33903430      1.0000
   38803890      1.0000
   38803900      1.0000
   38803910      1.0000
   38803920      1.0000
   44604470      1.0000
   44604480      1.0000
   44904500      1.0000
   44904510      1.0000
   42604640       .0000
   46304640      1.0000
   35804650       .0000
   36604650       .0000
   36704650       .0000
   39304650       .0000
   39404650       .0000
   39704650       .0000
   39904650       .0000
   40104650       .0000
   40204650       .0000
   41404650       .0000
   41704650       .0000
   42004650       .0000
   42304650       .0000
   42604650       .0000
   44604650       .0000
   46304650      1.0000
   38804660       .0000
   42604660       .0000
   46304660      1.0000
   39904690       .0000
   40304690       .0000
   40604690       .0000
   42604690       .0000
   46304690      1.0000
   35804710       .0000
   36604710       .0000
   36704710       .0000
   39304710       .0000
   39404710       .0000
   39704710       .0000
   39904710       .0000
   40104710       .0000
   40204710       .0000
   40304710       .0000
   41404710       .0000
   41704710       .0000
   42004710       .0000
   42304710       .0000
   42604710       .0000
   44904710       .0000
   46304710      1.0000
   19704720       .0000
   35804720       .0000
   36604720       .0000
   36704720       .0000
   38804720       .0000
   39304720       .0000
   39404720       .0000
   39704720       .0000
   39904720       .0000
   40104720       .0000
   40204720       .0000
   40304720       .0000
   41404720       .0000
   41704720       .0000
   42004720       .0000
   42304720       .0000
   42604720       .0000
   44904720       .0000
   46304720      1.0000
   36604730       .0000
   36704730       .0000
   37304730       .0000
   39304730       .0000
   39404730       .0000
   40304730       .0000
   41404730       .0000
   41704730       .0000
   42004730       .0000
   42304730       .0000
   44604730       .0000
   46304730      1.0000
   35804740       .0000
   36604740       .0000
   36704740       .0000
   37304740       .0000
   39304740       .0000
   39404740       .0000
   39704740       .0000
   39904740       .0000
   40104740       .0000
   40204740       .0000
   40304740       .0000
   41404740       .0000
   41704740       .0000
   42004740       .0000
   42304740       .0000
   42604740       .0000
   44604740       .0000
   46304740      1.0000
   46304750      1.0000
   46304760      1.0000
   49004910      1.0000
   49004920      1.0000
   49504960      1.0000
   49704980      1.0000
   49704990      1.0000
   50705090      1.0000
   50705100      1.0000
   49005130       .0000
   49505130       .0000
   49705130       .0000
   50705130       .0000
   51205130      1.0000
   49005140       .0000
   49505140       .0000
   49705140       .0000
   50705140       .0000
   51205140      1.0000
   48605170       .0000
   48905170       .0000
   51505170      1.0000
   52105170       .0000
   54205170       .0000
   60305170       .0000
   61905170       .0000
  118205170       .0000
   51505180      1.0000
   51505190      1.0000
   52605270      1.0000
   53605370      1.0000
   53605380      1.0000
   53605390      1.0000
   56005610      1.0000
   56005620      1.0000
   56305620       .0000
   56005631       .0000
   56005632      1.0000
   56005641      1.0000
   56005642       .0000
   56305640       .0000
   56405650      1.0000
   56005632      1.0000
   56005641      1.0000
   56905700      1.0000
   57405751      1.0000
   57405752       .0000
   57405751      1.0000
   57405760       .0000
   57405752       .0000
   57405800      1.0000
   57105830      1.0000
   57105830      1.0000
   48606040       .0000
   57706040       .0000
   60306040      1.0000
   48606200       .0000
   51506200       .0000
   52106200       .0000
   53106200       .0000
   53406200       .0000
   54106200       .0000
   54206200       .0000
   56906200       .0000
   57706200       .0000
   60306200       .0000
   61906200      1.0000
   49006220       .0000
   49506220       .0000
   49706220       .0000
   50706220       .0000
   51206220       .0000
   51506220       .0000
   52106220       .0000
   53006220       .0000
   53106220       .0000
   53406220       .0000
   54106220       .0000
   54206220       .0000
   54706220       .0000
   54906220       .0000
   55006220       .0000
   55206220       .0000
   55406220       .0000
   55806220       .0000
   56806220       .0000
   57106220       .0000
   57406220       .0000
   60306220       .0000
   61906220      1.0000
   48606230       .0000
   49006230       .0000
   49506230       .0000
   49706230       .0000
   50706230       .0000
   51206230       .0000
   51506230       .0000
   52106230       .0000
   52306230       .0000
   52606230       .0000
   53006230       .0000
   53106230       .0000
   53406230       .0000
   53606230       .0000
   54106230       .0000
   54206230       .0000
   54406230       .0000
   54706230       .0000
   54906230       .0000
   55006230       .0000
   55206230       .0000
   55406230       .0000
   55806230       .0000
   56006230       .0000
   56906230       .0000
   57106230       .0000
   57206230       .0000
   57406230       .0000
   57706230       .0000
   59106230       .0000
   60306230       .0000
   61906230      1.0000
   48606240       .0000
   60306240       .0000
   61906240      1.0000
   51506250       .0000
   52106250       .0000
   52606250       .0000
   53106250       .0000
   53406250       .0000
   53606250      1.0000
   51506260       .0000
   52106260       .0000
   52606260       .0000
   53106260       .0000
   53406260       .0000
   53606260      1.0000
    1506320       .0000
    3206320       .0000
    4906320       .0000
    5606320       .0000
    6406320       .0000
    7106320       .0000
    8406320       .0000
   10306320       .0000
   10806320       .0000
   11606320       .0000
   12506320       .0000
   15606320       .0000
   15706320       .0000
   16506320      1.0000
   46106320       .0000
   51506320       .0000
   52606320       .0000
   53606320       .0000
   56606320       .0000
   56706320       .0000
   56906320       .0000
   60306320       .0000
   61906320       .0000
   16306330       .0000
   16406330       .0000
   17206330      1.0000
    1506340       .0000
    2306340       .0000
    3206340       .0000
    4406340       .0000
    4906340       .0000
    5606340       .0000
    6406340       .0000
    7106340       .0000
    7506340       .0000
    8306340       .0000
    8906340       .0000
   10306340       .0000
   10806340       .0000
   11606340       .0000
   11906340       .0000
   12206340       .0000
   12806340       .0000
   12906340       .0000
   15606340       .0000
   15706340       .0000
   16306340       .0000
   16406340       .0000
   16506340      1.0000
   17206340       .0000
   46106340       .0000
   48606340       .0000
   51506340       .0000
   52106340       .0000
   52606340       .0000
   53006340       .0000
   53106340       .0000
   53406340       .0000
   53606340       .0000
   54106340       .0000
   54206340       .0000
   54406340       .0000
   54706340       .0000
   54906340       .0000
   55006340       .0000
   55206340       .0000
   55406340       .0000
   55806340       .0000
   56006340       .0000
   56306340       .0000
   56406340       .0000
   56606340       .0000
   56706340       .0000
   56806340       .0000
   56906340       .0000
   57706340       .0000
   60306340       .0000
   61906340       .0000
   62206340       .0000
   63206340       .0000
   65406340       .0000
   65606570      1.0000
    4406580       .0000
    7106580       .0000
   45906580      1.0000
   65606580       .0000
   65606590      1.0000
   66106620      1.0000
   66106620      1.0000
   66206640      1.0000
   66206640      1.0000
   66406660       .0000
   66506660      1.0000
   75407550      1.0000
   75407550      1.0000
   32803290      1.0000
   32803290      1.0000
   32903310      1.0000
   31003110      1.0000
   82608280      1.0000
   82608290      1.0000
   82608310      1.0000
   83608370      1.0000
    2408460       .0000
    3308460       .0000
    5908460       .0000
    6108460       .0000
    6308460      1.0000
   86608670      1.0000
   86608670      1.0000
   86608670      1.0000
   86708700      1.0000
   86708700      1.0000
   86708720      1.0000
   87008720      1.0000
   86708730      1.0000
   86708740      1.0000
   87008740      1.0000
   86708750      1.0000
   87008750      1.0000
   86708760      1.0000
   86708770      1.0000
  105808770       .0000
   86808780      1.0000
   88208850      1.0000
   88208860      1.0000
   88208930      1.0000
   88208870      1.0000
   88208860      1.0000
   88208870      1.0000
   88208850      1.0000
   88208890      1.0000
   88808890       .0000
   89708890       .0000
   89808890       .0000
   90308900      1.0000
   88208910      1.0000
   88808910       .0000
   88208920       .0000
   89108920      1.0000
   88208930      1.0000
   88208940      1.0000
   88708940       .0000
   89708940       .0000
   89808940       .0000
   90808940       .0000
   88808950      1.0000
   88808960      1.0000
   88208970      1.0000
   88808970       .0000
   88208980       .0000
   88808980      1.0000
   88808990      1.0000
   89308990      1.0000
   90309000      1.0000
   88209010      1.0000
   88809010       .0000
   90309010       .0000
   88209010      1.0000
   88209040       .0000
   88809040      1.0000
   88809010       .0000
   90009030      1.0000
   95109550      1.0000
   95409550      1.0000
   98209840      1.0000
   98509840      1.0000
  102010210      1.0000
  102310210      1.0000
   88209040       .0000
   88809040      1.0000
   90309050      1.0000
   88509070       .0000
   90109070      1.0000
   90409070       .0000
   90509070       .0000
   89509080      1.0000
   89609080      1.0000
   89809080      1.0000
   89909080      1.0000
  106309160      1.0000
   88809170      1.0000
   86608670      1.0000
   91909200      1.0000
   92009210      1.0000
   91909220      1.0000
   91909280      1.0000
   92709280       .0000
   92809290      1.0000
   91909300      1.0000
   92709300       .0000
   94609470      1.0000
   94609470      1.0000
   94609470      1.0000
   95109520      1.0000
   95109540      1.0000
   95109520      1.0000
   95109540      1.0000
   95109550      1.0000
   95409550      1.0000
   94609470      1.0000
   95709580      1.0000
   95809590      1.0000
   97609770      1.0000
   97609770      1.0000
   97609770      1.0000
   98209830      1.0000
   98209840      1.0000
   98509840      1.0000
   98209830      1.0000
   97609770      1.0000
   99509960      1.0000
   99609970      1.0000
   99509980      1.0000
   99509990      1.0000
  101610170      1.0000
  101610170      1.0000
  101610170      1.0000
  102010210      1.0000
  102310210      1.0000
  102010220      1.0000
  102010220      1.0000
  101610170      1.0000
  102510260      1.0000
  102610270      1.0000
  102510280      1.0000
  103410351      1.0000
  103410352      1.0000
  103410351      1.0000
  103410352      1.0000
  103410351      1.0000
  103410352      1.0000
  103510380      1.0000
  103510390      1.0000
  103510380      1.0000
  103510410      1.0000
  103810410      1.0000
  103510420      1.0000
  103810420      1.0000
  103710430      1.0000
  104010430       .0000
  103410352      1.0000
  103510440      1.0000
  104410450      1.0000
  104510460      1.0000
  104410470      1.0000
  105710581      1.0000
  105710582      1.0000
  105710581      1.0000
  105810590      1.0000
  105810600      1.0000
  105810610      1.0000
  106210630      1.0000
  106210640      1.0000
  105810650      1.0000
  106510660      1.0000
  106810690      1.0000
  107210730      1.0000
  107210740      1.0000
  107310740      1.0000
  106810750      1.0000
  107910800      1.0000
  107910810      1.0000
  108010810      1.0000
  108310891      1.0000
  108310892      1.0000
  109610971      1.0000
  109610972      1.0000
  109610973      1.0000
  109610971      1.0000
  109610971      1.0000
  109610972      1.0000
  110211030      1.0000
  110311040      1.0000
  110211050      1.0000
  110711080      1.0000
  110711080      1.0000
  111011110      1.0000
  111011110      1.0000
  112611270      1.0000
  112611270      1.0000
  112611270      1.0000
  112611270      1.0000
  113311340      1.0000
  113411350      1.0000
  113311360      1.0000
  114011410      1.0000
  114011410      1.0000
  115011510      1.0000
  115711580      1.0000
  115711580      1.0000
  115711580      1.0000
   86811640       .0000
  116311640       .0000
  116611640      1.0000
  116311670       .0000
  116611670      1.0000
   86911680      1.0000
   87111680       .0000
   97911680       .0000
  101911680       .0000
  103711680       .0000
  104011680       .0000
  122511680       .0000
  152211680       .0000
  152311680       .0000
  153511680       .0000
  153611680       .0000
  158211680       .0000
   86711720       .0000
  116311720       .0000
  116611720      1.0000
  108310892      1.0000
  121312140      1.0000
  121412150      1.0000
  108310892      1.0000
  104012210       .0000
  104312210      1.0000
  124312210       .0000
   86912250      1.0000
   87112250       .0000
   94912250       .0000
   97912250       .0000
  101912250       .0000
  103712250       .0000
  104012250       .0000
  116812250       .0000
  152212250       .0000
  152312250       .0000
  153512250       .0000
  153612250       .0000
  158212250       .0000
   56812320      1.0000
    3612410       .0000
    6012410       .0000
   23712410       .0000
   24412410       .0000
   25212410       .0000
   25712410       .0000
   25812410       .0000
   26812410       .0000
   27112410       .0000
   27412410       .0000
   28112410       .0000
   29012410       .0000
   29312410       .0000
   33112410       .0000
   33412410       .0000
   33712410       .0000
   34012410      1.0000
  127512410       .0000
    3612420       .0000
    6012420       .0000
   23712420       .0000
   24412420       .0000
   25212420       .0000
   25712420       .0000
   25812420       .0000
   26612420       .0000
   26812420       .0000
   27112420       .0000
   27412420       .0000
   28112420       .0000
   29012420       .0000
   29312420       .0000
   33112420       .0000
   33412420       .0000
   33712420       .0000
   34012420      1.0000
  116812420       .0000
  122512420       .0000
  124312420       .0000
  127512420       .0000
  152212420       .0000
  152312420       .0000
  153512420       .0000
  153612420       .0000
  158212420       .0000
   23712430       .0000
   24412430       .0000
   25212430       .0000
   25712430       .0000
   25812430       .0000
   26612430       .0000
   26812430       .0000
   27112430       .0000
   27412430       .0000
   28112430       .0000
   29012430       .0000
   29312430       .0000
   33112430       .0000
   33412430       .0000
   33712430       .0000
   34012430       .0000
   86912430      1.0000
   87112430       .0000
   94912430       .0000
   97912430       .0000
  101912430       .0000
  103712430       .0000
  104012430       .0000
  104312430       .0000
  106512430       .0000
  106612430       .0000
  116812430       .0000
  122512430       .0000
  153512430       .0000
  153612430       .0000
  158212430       .0000
   26612730      1.0000
   24412740       .0000
   25212740       .0000
   25712740       .0000
   25812740       .0000
   26612740       .0000
   26812740       .0000
   27112740       .0000
   27412740       .0000
   28112740       .0000
   29012740       .0000
   33412740      1.0000
   34012740       .0000
    3612750       .0000
    6012750       .0000
   23712750       .0000
   24412750       .0000
   25212750       .0000
   25712750       .0000
   25812750       .0000
   26812750       .0000
   27112750       .0000
   27412750       .0000
   28112750       .0000
   29012750       .0000
   29312750       .0000
   33112750       .0000
   33412750       .0000
   33712750       .0000
   34012750      1.0000
  122512750       .0000
  153512750       .0000
  153612750       .0000
  158212750       .0000
   23712760       .0000
   24412760       .0000
   25212760       .0000
   25712760      1.0000
   25812760       .0000
   26612760       .0000
   26812760       .0000
   27112760       .0000
   27412760       .0000
   28112760       .0000
   29012760       .0000
  122512760       .0000
   25712770      1.0000
  150115020      1.0000
  150115030      1.0000
  150215030      1.0000
  150115040      1.0000
  150215040      1.0000
  150115050      1.0000
  150215050      1.0000
  150115060      1.0000
  150215060      1.0000
  150115070      1.0000
  150215070      1.0000
  150115080      1.0000
  150215080      1.0000
  151415150      1.0000
  151415160      1.0000
  151515160      1.0000
  151415170      1.0000
  151515170      1.0000
  151415180      1.0000
  151515180      1.0000
  151715180      1.0000
  151415190      1.0000
  151515190      1.0000
  151715190      1.0000
  151415200      1.0000
  151515200      1.0000
  151415210      1.0000
  152715280      1.0000
  152715290      1.0000
  152815290      1.0000
  152715300      1.0000
  152815300      1.0000
  152715310      1.0000
  152815310      1.0000
  153015310      1.0000
  152715320      1.0000
  152815320      1.0000
  153015320      1.0000
  152715330      1.0000
  152815330      1.0000
  152715340      1.0000
  154015410      1.0000
  154015420      1.0000
  154115420      1.0000
  154015430      1.0000
  154115430      1.0000
  154015440      1.0000
  154115440      1.0000
  154315440      1.0000
  154015450      1.0000
  154115450      1.0000
  154315450      1.0000
  154015460      1.0000
  154115460      1.0000
  154015470      1.0000
  155315540      1.0000
  155315550      1.0000
  155415550      1.0000
  155315560      1.0000
  155415560      1.0000
  155315570      1.0000
  155415570      1.0000
  155315580      1.0000
  156215630      1.0000
  156215640      1.0000
  156315640      1.0000
  156215650      1.0000
  156315650      1.0000
  156215660      1.0000
  157015710      1.0000
  157015720      1.0000
  157015730      1.0000
  157015740      1.0000
  157015750      1.0000
  157915800      1.0000
  157915810      1.0000
  157915820      1.0000
  157915830      1.0000
  157915840      1.0000
  158715880      1.0000
  158715890      1.0000
  158715900      1.0000
  159414950      1.0000
  159415960      1.0000
